<?xml version="1.0" encoding="UTF-8"?>
<!-- Generated by org.testng.reporters.JUnitXMLReporter -->
<testsuite ignored="0" hostname="Yeasin" failures="0" tests="6" name="Default test" time="4.005" errors="0" timestamp="2024-10-08T23:00:27 EDT">
  <testcase classname="api.test.DataDrivenTests" name="testPostUser" time="1.92"/>
  <testcase classname="api.test.DataDrivenTests" name="testPostUser" time="0.133"/>
  <testcase classname="api.test.DataDrivenTests" name="testPostUser" time="0.128"/>
  <testcase classname="api.test.DataDrivenTests" name="testDeleteUserByName" time="0.199"/>
  <testcase classname="api.test.DataDrivenTests" name="testDeleteUserByName" time="0.108"/>
  <testcase classname="api.test.DataDrivenTests" name="testDeleteUserByName" time="0.113"/>
</testsuite> <!-- Default test -->
