<?xml version="1.0" encoding="UTF-8"?>
<!-- Generated by org.testng.reporters.JUnitXMLReporter -->
<testsuite ignored="0" hostname="Yeasin" failures="0" tests="4" name="PetTests" time="3.512" errors="0" timestamp="2024-10-09T08:00:10 EDT">
  <testcase classname="api.test.UserTests" name="testPostUser" time="1.877"/>
  <testcase classname="api.test.UserTests" name="testGetUserByName" time="0.175"/>
  <testcase classname="api.test.UserTests" name="testUpdateByName" time="0.31"/>
  <testcase classname="api.test.UserTests" name="testDeleteUserByName" time="0.138"/>
</testsuite> <!-- PetTests -->
