<?xml version="1.0" encoding="UTF-8"?>
<!-- Generated by org.testng.reporters.JUnitXMLReporter -->
<testsuite ignored="0" hostname="Yeasin" failures="0" tests="4" name="PetTests" time="5.207" errors="0" timestamp="2024-10-09T10:05:49 EDT">
  <testcase classname="api.test.UserTests" name="testPostUser" time="2.789"/>
  <testcase classname="api.test.UserTests" name="testGetUserByName" time="0.176"/>
  <testcase classname="api.test.UserTests" name="testUpdateByName" time="0.278"/>
  <testcase classname="api.test.UserTests" name="testDeleteUserByName" time="0.135"/>
</testsuite> <!-- PetTests -->
